f:\fallout_nv\releases\sup nvse plugin\sup_source\common\release vc9\common_vc9.pdb
f:\fallout_nv\releases\sup nvse plugin\sup_source\common\release vc9\ireadwritelock.obj
f:\fallout_nv\releases\sup nvse plugin\sup_source\common\release vc9\irangemap.obj
f:\fallout_nv\releases\sup nvse plugin\sup_source\common\release vc9\ipipeserver.obj
f:\fallout_nv\releases\sup nvse plugin\sup_source\common\release vc9\ipipeclient.obj
f:\fallout_nv\releases\sup nvse plugin\sup_source\common\release vc9\iobjectpool.obj
f:\fallout_nv\releases\sup nvse plugin\sup_source\common\release vc9\imutex.obj
f:\fallout_nv\releases\sup nvse plugin\sup_source\common\release vc9\imempool.obj
f:\fallout_nv\releases\sup nvse plugin\sup_source\common\release vc9\iinterlockedlong.obj
f:\fallout_nv\releases\sup nvse plugin\sup_source\common\release vc9\ifilestream.obj
f:\fallout_nv\releases\sup nvse plugin\sup_source\common\release vc9\ififo.obj
f:\fallout_nv\releases\sup nvse plugin\sup_source\common\release vc9\ievent.obj
f:\fallout_nv\releases\sup nvse plugin\sup_source\common\release vc9\ierrors.obj
f:\fallout_nv\releases\sup nvse plugin\sup_source\common\release vc9\idynamiccreate.obj
f:\fallout_nv\releases\sup nvse plugin\sup_source\common\release vc9\idirectoryiterator.obj
f:\fallout_nv\releases\sup nvse plugin\sup_source\common\release vc9\idebuglog.obj
f:\fallout_nv\releases\sup nvse plugin\sup_source\common\release vc9\idatastream.obj
f:\fallout_nv\releases\sup nvse plugin\sup_source\common\release vc9\idatabase.obj
f:\fallout_nv\releases\sup nvse plugin\sup_source\common\release vc9\iconsole.obj
f:\fallout_nv\releases\sup nvse plugin\sup_source\common\release vc9\ibufferstream.obj
f:\fallout_nv\releases\sup nvse plugin\sup_source\common\release vc9\iarchive.obj
f:\fallout_nv\releases\sup nvse plugin\sup_source\common\release vc9\itypes.obj
f:\fallout_nv\releases\sup nvse plugin\sup_source\common\release vc9\itimer.obj
f:\fallout_nv\releases\sup nvse plugin\sup_source\common\release vc9\ithread.obj
f:\fallout_nv\releases\sup nvse plugin\sup_source\common\release vc9\itextparser.obj
f:\fallout_nv\releases\sup nvse plugin\sup_source\common\release vc9\isingleton.obj
f:\fallout_nv\releases\sup nvse plugin\sup_source\common\release vc9\isegmentstream.obj
f:\fallout_nv\releases\sup nvse plugin\sup_source\common\release vc9\common_vc9.lib
f:\fallout_nv\releases\sup nvse plugin\sup_source\common\release vc9\common_vc9.tlog\cl.command.1.tlog
f:\fallout_nv\releases\sup nvse plugin\sup_source\common\release vc9\common_vc9.tlog\cl.read.1.tlog
f:\fallout_nv\releases\sup nvse plugin\sup_source\common\release vc9\common_vc9.tlog\cl.write.1.tlog
f:\fallout_nv\releases\sup nvse plugin\sup_source\common\release vc9\common_vc9.tlog\lib-link.read.1.tlog
f:\fallout_nv\releases\sup nvse plugin\sup_source\common\release vc9\common_vc9.tlog\lib-link.write.1.tlog
f:\fallout_nv\releases\sup nvse plugin\sup_source\common\release vc9\common_vc9.tlog\lib.command.1.tlog
