  IArchive.cpp
  IBufferStream.cpp
  IConsole.cpp
  IDatabase.cpp
  IDataStream.cpp
  IDebugLog.cpp
  IDirectoryIterator.cpp
  IDynamicCreate.cpp
  IErrors.cpp
  IEvent.cpp
  IFIFO.cpp
  IFileStream.cpp
  IInterlockedLong.cpp
  IMemPool.cpp
  IMutex.cpp
  IObjectPool.cpp
  IPipeClient.cpp
  IPipeServer.cpp
  IRangeMap.cpp
  IReadWriteLock.cpp
  Compiling...
  ISegmentStream.cpp
  ISingleton.cpp
  ITextParser.cpp
  IThread.cpp
  ITimer.cpp
  ITypes.cpp
  common_vc9.vcxproj -> F:\Fallout_NV\RELEASES\SUP NVSE Plugin\SUP_SOURCE\common\Release VC9\common_vc9.lib
