f:\fallout_nv\nvse-6.0.7source2\nvse-6.0.7\common\debug vc9\common_vc9.pdb
f:\fallout_nv\nvse-6.0.7source2\nvse-6.0.7\common\debug vc9\common_vc9.idb
f:\fallout_nv\nvse-6.0.7source2\nvse-6.0.7\common\debug vc9\idebuglog.obj
f:\fallout_nv\nvse-6.0.7source2\nvse-6.0.7\common\debug vc9\idirectoryiterator.obj
f:\fallout_nv\nvse-6.0.7source2\nvse-6.0.7\common\debug vc9\idynamiccreate.obj
f:\fallout_nv\nvse-6.0.7source2\nvse-6.0.7\common\debug vc9\ierrors.obj
f:\fallout_nv\nvse-6.0.7source2\nvse-6.0.7\common\debug vc9\ievent.obj
f:\fallout_nv\nvse-6.0.7source2\nvse-6.0.7\common\debug vc9\ififo.obj
f:\fallout_nv\nvse-6.0.7source2\nvse-6.0.7\common\debug vc9\ifilestream.obj
f:\fallout_nv\nvse-6.0.7source2\nvse-6.0.7\common\debug vc9\iinterlockedlong.obj
f:\fallout_nv\nvse-6.0.7source2\nvse-6.0.7\common\debug vc9\imempool.obj
f:\fallout_nv\nvse-6.0.7source2\nvse-6.0.7\common\debug vc9\imutex.obj
f:\fallout_nv\nvse-6.0.7source2\nvse-6.0.7\common\debug vc9\iobjectpool.obj
f:\fallout_nv\nvse-6.0.7source2\nvse-6.0.7\common\debug vc9\ipipeclient.obj
f:\fallout_nv\nvse-6.0.7source2\nvse-6.0.7\common\debug vc9\ipipeserver.obj
f:\fallout_nv\nvse-6.0.7source2\nvse-6.0.7\common\debug vc9\irangemap.obj
f:\fallout_nv\nvse-6.0.7source2\nvse-6.0.7\common\debug vc9\ireadwritelock.obj
f:\fallout_nv\nvse-6.0.7source2\nvse-6.0.7\common\debug vc9\isegmentstream.obj
f:\fallout_nv\nvse-6.0.7source2\nvse-6.0.7\common\debug vc9\itextparser.obj
f:\fallout_nv\nvse-6.0.7source2\nvse-6.0.7\common\debug vc9\ithread.obj
f:\fallout_nv\nvse-6.0.7source2\nvse-6.0.7\common\debug vc9\itimer.obj
f:\fallout_nv\nvse-6.0.7source2\nvse-6.0.7\common\debug vc9\itypes.obj
f:\fallout_nv\nvse-6.0.7source2\nvse-6.0.7\common\debug vc9\iarchive.obj
f:\fallout_nv\nvse-6.0.7source2\nvse-6.0.7\common\debug vc9\ibufferstream.obj
f:\fallout_nv\nvse-6.0.7source2\nvse-6.0.7\common\debug vc9\iconsole.obj
f:\fallout_nv\nvse-6.0.7source2\nvse-6.0.7\common\debug vc9\idatabase.obj
f:\fallout_nv\nvse-6.0.7source2\nvse-6.0.7\common\debug vc9\idatastream.obj
f:\fallout_nv\releases\sup nvse plugin\sup_source\common\debug vc9\common_vc9.pdb
f:\fallout_nv\releases\sup nvse plugin\sup_source\common\debug vc9\common_vc9.idb
f:\fallout_nv\releases\sup nvse plugin\sup_source\common\debug vc9\idebuglog.obj
f:\fallout_nv\releases\sup nvse plugin\sup_source\common\debug vc9\idirectoryiterator.obj
f:\fallout_nv\releases\sup nvse plugin\sup_source\common\debug vc9\idynamiccreate.obj
f:\fallout_nv\releases\sup nvse plugin\sup_source\common\debug vc9\ierrors.obj
f:\fallout_nv\releases\sup nvse plugin\sup_source\common\debug vc9\ievent.obj
f:\fallout_nv\releases\sup nvse plugin\sup_source\common\debug vc9\ififo.obj
f:\fallout_nv\releases\sup nvse plugin\sup_source\common\debug vc9\ifilestream.obj
f:\fallout_nv\releases\sup nvse plugin\sup_source\common\debug vc9\iinterlockedlong.obj
f:\fallout_nv\releases\sup nvse plugin\sup_source\common\debug vc9\imempool.obj
f:\fallout_nv\releases\sup nvse plugin\sup_source\common\debug vc9\imutex.obj
f:\fallout_nv\releases\sup nvse plugin\sup_source\common\debug vc9\iobjectpool.obj
f:\fallout_nv\releases\sup nvse plugin\sup_source\common\debug vc9\ipipeclient.obj
f:\fallout_nv\releases\sup nvse plugin\sup_source\common\debug vc9\ipipeserver.obj
f:\fallout_nv\releases\sup nvse plugin\sup_source\common\debug vc9\irangemap.obj
f:\fallout_nv\releases\sup nvse plugin\sup_source\common\debug vc9\ireadwritelock.obj
f:\fallout_nv\releases\sup nvse plugin\sup_source\common\debug vc9\isegmentstream.obj
f:\fallout_nv\releases\sup nvse plugin\sup_source\common\debug vc9\itextparser.obj
f:\fallout_nv\releases\sup nvse plugin\sup_source\common\debug vc9\ithread.obj
f:\fallout_nv\releases\sup nvse plugin\sup_source\common\debug vc9\itimer.obj
f:\fallout_nv\releases\sup nvse plugin\sup_source\common\debug vc9\itypes.obj
f:\fallout_nv\releases\sup nvse plugin\sup_source\common\debug vc9\iarchive.obj
f:\fallout_nv\releases\sup nvse plugin\sup_source\common\debug vc9\ibufferstream.obj
f:\fallout_nv\releases\sup nvse plugin\sup_source\common\debug vc9\iconsole.obj
f:\fallout_nv\releases\sup nvse plugin\sup_source\common\debug vc9\idatabase.obj
f:\fallout_nv\releases\sup nvse plugin\sup_source\common\debug vc9\idatastream.obj
f:\fallout_nv\nvse-6.0.7source2\nvse-6.0.7\common\debug vc9\common_vc9.lib
f:\fallout_nv\releases\sup nvse plugin\sup_source\common\debug vc9\common_vc9.lib
f:\fallout_nv\releases\sup nvse plugin\sup_source\common\debug vc9\common_vc9.tlog\cl.command.1.tlog
f:\fallout_nv\releases\sup nvse plugin\sup_source\common\debug vc9\common_vc9.tlog\cl.read.1.tlog
f:\fallout_nv\releases\sup nvse plugin\sup_source\common\debug vc9\common_vc9.tlog\cl.write.1.tlog
f:\fallout_nv\releases\sup nvse plugin\sup_source\common\debug vc9\common_vc9.tlog\lib-link.read.1.tlog
f:\fallout_nv\releases\sup nvse plugin\sup_source\common\debug vc9\common_vc9.tlog\lib-link.write.1.tlog
f:\fallout_nv\releases\sup nvse plugin\sup_source\common\debug vc9\common_vc9.tlog\lib.command.1.tlog
